<?xml version="1.0" encoding="UTF-8"?>
<!-- Generated by org.testng.reporters.JUnitReportReporter -->
<testsuite hostname="LAPTOP-OPMBOB2P" failures="0" tests="1" name="testCases.TC001_ProfileUpdate" time="35.995" errors="0" timestamp="2024-03-29T20:15:17 IST" skipped="0">
  <testcase classname="testCases.TC001_ProfileUpdate" name="loginToApplication" time="35.995"/>
</testsuite> <!-- testCases.TC001_ProfileUpdate -->
