<?xml version="1.0" encoding="UTF-8"?>
<!-- Generated by org.testng.reporters.JUnitReportReporter -->
<testsuite hostname="LAPTOP-OPMBOB2P" failures="0" tests="1" name="testCases.TC001_ProfileUpdate" time="22.300" errors="0" timestamp="2024-03-30T12:09:19 IST" skipped="0">
  <testcase classname="testCases.TC001_ProfileUpdate" name="loginToApplication" time="22.300"/>
</testsuite> <!-- testCases.TC001_ProfileUpdate -->
